540
119 91
118 92
117 93
116 94
115 95
114 96
113 97
112 98
111 99
110 100
109 101
108 102
107 103
106 104
105 105
104 106
103 107
102 108
101 108
100 108
99 108
98 108
97 108
96 108
95 108
94 108
93 108
92 108
91 108
90 108
89 108
88 108
87 108
86 108
85 108
84 108
83 108
82 108
81 108
80 108
79 108
78 108
77 108
76 108
75 108
74 108
73 108
72 108
71 108
72 107
73 106
74 105
75 104
76 103
77 102
78 101
79 100
80 99
81 98
82 97
83 96
84 95
85 94
86 93
87 92
88 91
89 90
90 89
91 88
92 87
93 86
94 85
94 84
94 83
94 82
94 81
94 80
94 79
94 78
94 77
94 76
94 75
94 74
94 73
94 72
94 71
94 70
94 69
94 68
94 67
94 66
94 65
94 64
94 63
94 62
94 61
94 60
94 59
94 58
94 57
95 56
96 56
97 56
98 56
99 56
100 56
101 56
102 56
103 56
104 56
105 56
106 56
107 56
108 56
109 56
110 56
111 56
112 56
113 56
114 56
115 56
116 56
117 56
118 56
119 56
120 56
121 56
122 56
123 56
124 56
125 56
126 56
127 56
128 56
129 56
130 56
131 56
132 56
133 56
134 56
135 56
136 56
128 55
128 54
128 53
128 52
128 51
128 50
128 49
128 48
128 47
128 46
128 45
128 44
128 43
128 42
128 41
128 40
128 39
128 38
128 37
128 36
128 35
128 34
127 34
126 34
125 34
124 34
123 34
122 34
121 34
120 34
119 34
118 34
117 34
116 34
115 34
114 34
113 34
112 34
111 34
110 34
109 34
108 34
107 34
106 34
105 34
104 34
103 34
102 34
101 34
100 34
99 34
98 34
97 34
96 34
95 34
94 34
93 34
92 34
91 34
90 34
89 34
88 34
87 34
86 34
85 34
84 34
83 34
82 34
81 34
80 34
79 34
78 34
77 34
76 34
75 34
74 34
73 34
72 34
71 34
70 34
69 34
68 34
67 34
66 34
65 34
93 56
92 56
91 56
90 56
89 56
88 56
87 56
86 56
85 56
84 56
83 56
82 56
81 56
80 56
79 56
78 56
77 56
76 56
75 56
74 56
73 56
72 56
71 56
121 91
122 92
123 93
124 94
125 95
126 96
127 97
128 98
129 99
130 100
131 101
132 102
133 103
134 104
135 105
136 106
136 107
136 108
137 108
138 108
139 108
140 108
141 108
142 108
143 108
144 108
145 108
146 108
147 108
148 108
149 108
150 108
151 108
152 108
153 108
154 108
155 108
156 108
157 108
158 107
159 106
160 105
161 104
162 103
163 102
164 101
165 100
166 99
167 98
168 97
169 97
170 97
171 97
172 97
173 97
174 97
175 97
176 97
177 97
178 97
179 97
180 97
181 97
181 96
181 95
181 94
181 93
181 92
181 91
181 90
181 89
181 88
181 87
181 86
181 85
181 84
181 83
181 82
181 81
181 80
181 79
181 78
181 77
181 76
180 76
179 76
178 76
177 76
176 76
175 76
174 76
173 76
172 76
171 76
170 76
169 76
168 76
167 76
166 76
165 76
181 75
181 74
181 73
181 72
181 71
181 70
181 69
181 68
181 67
181 66
181 65
181 64
181 63
181 62
181 61
181 60
181 59
181 58
181 57
181 56
181 55
180 54
179 53
178 52
177 51
176 50
175 49
174 48
173 47
172 46
171 45
170 44
170 43
170 42
170 41
170 40
170 39
170 38
170 37
170 36
170 35
170 34
169 34
168 34
167 34
166 34
165 34
164 34
163 34
162 34
161 34
160 34
159 34
158 34
157 34
156 34
155 34
154 34
153 34
152 34
151 34
150 34
149 34
164 75
163 74
162 73
161 72
160 71
159 70
158 69
157 68
157 67
157 66
157 65
157 64
157 63
157 62
157 61
157 60
157 59
157 58
157 57
157 56
181 98
181 99
181 100
181 101
181 102
181 103
181 104
181 105
181 106
181 107
181 108
181 109
181 110
181 111
181 112
181 113
181 114
181 115
181 116
181 117
181 118
182 83
183 83
184 83
185 83
186 83
187 83
188 83
189 83
190 83
191 83
192 83
193 83
194 83
195 83
196 83
197 83
198 83
199 83
200 83
201 83
202 83
203 83
204 83
204 82
204 81
204 80
204 79
204 78
204 77
204 76
204 75
204 74
204 73
204 72
204 71
204 70
204 69
204 68
204 67
204 66
204 65
204 64
204 63
204 62
204 61
204 60
204 59
204 58
204 57
204 56
204 55
204 54
204 53
204 52
204 84
204 85
204 86
204 87
204 88
204 89
204 90
204 91
204 92
204 93
204 94
204 95
204 96
204 97
204 98
204 99
204 100
204 101
204 102
204 103
204 104
204 105
204 106
204 107
204 108
204 109
204 110
204 111
204 112
204 113
204 114
204 115
22
65 34
71 56
71 108
86 34
92 56
92 108
107 34
128 34
136 56
136 108
149 34
157 56
157 108
170 34
181 55
181 76
181 97
181 118
204 52
204 73
204 94
204 115
