1195
121 91
122 92
123 93
124 94
125 95
126 96
127 97
128 98
129 99
130 100
131 101
132 102
133 103
134 104
135 105
136 106
136 107
136 108
137 108
138 108
139 108
140 108
141 108
142 108
143 108
144 108
145 108
146 108
147 108
148 108
149 108
150 108
151 108
152 108
153 108
154 108
155 108
156 108
157 108
158 107
159 106
160 105
161 104
162 103
163 102
164 101
165 100
166 99
167 98
168 97
169 97
170 97
171 97
172 97
173 97
174 97
175 97
176 97
177 97
178 97
179 97
180 97
181 97
181 96
181 95
181 94
181 93
181 92
181 91
181 90
181 89
181 88
181 87
181 86
181 85
181 84
181 83
181 82
181 81
181 80
181 79
181 78
181 77
181 76
181 75
181 74
181 73
181 72
181 71
181 70
181 69
181 68
181 67
181 66
181 65
181 64
181 63
181 62
181 61
181 60
181 59
181 58
181 57
181 56
181 55
180 54
179 53
178 52
177 51
176 50
175 49
174 48
173 47
172 46
171 45
170 44
170 43
170 42
170 41
170 40
170 39
170 38
170 37
170 36
170 35
170 34
169 34
168 34
167 34
166 34
165 34
164 34
163 34
162 34
161 34
160 34
159 34
158 34
157 34
156 34
155 34
154 34
153 34
152 34
151 34
150 34
149 34
148 34
147 34
146 34
145 34
144 34
143 34
142 34
141 34
140 34
139 34
138 34
137 34
136 34
135 34
134 34
133 34
132 34
131 34
130 34
129 34
128 34
127 34
126 34
125 34
124 34
123 34
122 34
121 34
120 34
119 34
118 34
117 34
116 34
115 34
114 34
113 34
112 34
111 34
110 34
109 34
108 34
107 34
106 34
105 34
104 34
103 34
102 34
101 34
100 34
99 34
98 34
97 34
96 34
95 34
94 34
93 34
92 34
91 34
90 34
89 34
88 34
87 34
86 34
85 34
84 34
83 34
82 34
81 34
80 34
79 34
78 34
77 34
76 34
75 34
74 34
73 34
72 34
71 34
70 34
69 34
68 34
67 34
66 34
65 34
66 35
67 36
68 37
69 38
70 39
71 40
71 41
71 42
71 43
71 44
71 45
71 46
71 47
71 48
71 49
71 50
71 51
71 52
71 53
71 54
71 55
71 56
72 56
73 56
74 56
75 56
76 56
77 56
78 56
79 56
80 56
81 56
82 56
83 56
84 56
85 56
86 56
87 56
88 56
89 56
90 56
91 56
92 56
129 35
130 36
131 37
132 38
133 39
134 40
135 41
136 42
136 43
136 44
136 45
136 46
136 47
136 48
136 49
136 50
136 51
136 52
136 53
136 54
136 55
136 56
137 56
138 56
139 56
140 56
141 56
142 56
143 56
144 56
145 56
146 56
147 56
148 56
149 56
150 56
151 56
152 56
153 56
154 56
155 56
156 56
157 56
182 54
183 53
184 52
185 52
186 52
187 52
188 52
189 52
190 52
191 52
192 52
193 52
194 52
195 52
196 52
197 52
198 52
199 52
200 52
201 52
202 52
203 52
204 52
204 53
204 54
204 55
204 56
204 57
204 58
204 59
204 60
204 61
204 62
204 63
204 64
204 65
204 66
204 67
204 68
204 69
204 70
204 71
204 72
204 73
204 74
204 75
204 76
204 77
204 78
204 79
204 80
204 81
204 82
204 83
204 84
204 85
204 86
204 87
204 88
204 89
204 90
204 91
204 92
204 93
204 94
204 95
204 96
204 97
204 98
204 99
204 100
204 101
204 102
204 103
204 104
204 105
204 106
204 107
204 108
204 109
204 110
204 111
204 112
204 113
204 114
204 115
203 116
202 117
201 118
200 118
199 118
198 118
197 118
196 118
195 118
194 118
193 118
192 118
191 118
190 118
189 118
188 118
187 118
186 118
185 118
184 118
183 118
182 118
181 118
119 91
118 92
117 93
116 94
115 95
114 96
113 97
112 98
111 99
110 100
109 101
108 102
107 103
106 104
105 105
104 106
103 107
102 108
101 108
100 108
99 108
98 108
97 108
96 108
95 108
94 108
93 108
92 108
91 108
90 108
89 108
88 108
87 108
86 108
85 108
84 108
83 108
82 108
81 108
80 108
79 108
78 108
77 108
76 108
75 108
74 108
73 108
72 108
71 108
93 109
94 110
95 111
96 112
97 113
98 114
99 115
100 116
101 117
102 118
103 119
104 120
105 121
106 122
107 123
108 124
109 125
110 126
111 127
112 128
112 129
112 130
112 131
112 132
112 133
112 134
112 135
112 136
112 137
112 138
112 139
112 140
112 141
112 142
112 143
180 119
179 120
178 121
177 122
176 123
175 124
174 125
173 126
172 127
172 128
172 129
172 130
172 131
172 132
172 133
172 134
172 135
172 136
172 137
172 138
172 139
172 140
172 141
172 142
172 143
70 107
69 106
68 105
67 104
66 103
65 102
64 101
63 100
62 99
61 98
60 97
59 96
58 95
57 94
56 93
55 92
54 91
53 90
52 89
51 88
51 87
51 86
70 109
69 110
68 111
67 112
66 113
65 114
64 115
63 116
62 117
61 118
60 119
59 120
58 121
57 122
56 123
55 124
54 125
53 126
52 127
51 128
50 128
49 128
48 128
119 89
118 88
117 87
116 86
115 86
114 86
113 86
112 86
49 129
50 130
51 131
52 132
53 133
54 134
55 135
56 136
57 137
58 138
59 139
60 140
61 141
62 142
63 143
64 143
65 143
66 143
67 143
68 143
69 143
70 143
71 143
72 143
73 143
74 143
75 143
76 143
77 143
78 143
79 143
80 143
81 143
82 143
83 143
84 143
85 143
86 143
87 143
88 143
89 143
90 143
113 143
114 143
115 143
116 143
117 143
118 143
119 143
120 143
121 143
122 143
123 143
124 143
125 143
126 143
127 143
128 143
129 143
130 143
131 143
132 143
133 143
64 35
63 36
62 37
61 38
60 39
59 40
58 41
57 42
56 43
55 44
54 45
53 46
52 47
51 48
50 49
49 50
48 51
50 87
49 88
48 89
48 90
48 91
48 92
48 93
48 94
48 95
48 96
48 97
48 98
48 99
48 100
48 101
48 102
48 103
48 104
48 105
48 106
48 107
93 55
94 55
95 55
96 55
97 55
98 55
99 55
100 55
101 55
102 55
103 55
104 55
105 55
106 55
107 55
108 55
109 55
110 55
111 55
112 55
112 99
112 100
112 101
112 102
112 103
112 104
112 105
112 106
112 107
134 143
135 143
136 143
137 143
138 143
139 143
140 143
141 143
142 143
143 143
144 143
145 143
146 143
147 143
148 143
149 143
150 143
151 143
47 52
46 53
45 54
44 55
43 56
42 57
41 58
40 59
39 60
38 61
37 62
36 62
35 62
34 62
33 62
32 62
31 62
30 62
29 62
28 62
28 63
28 64
28 65
28 66
28 67
28 68
28 69
28 70
28 71
28 72
28 73
28 74
28 75
28 76
28 77
28 78
28 79
28 80
28 81
28 82
28 83
47 106
46 105
45 104
44 104
43 104
42 104
41 104
40 104
39 104
38 104
37 104
36 104
35 104
34 104
33 104
32 104
31 104
30 104
29 104
28 104
47 127
46 126
45 125
44 125
43 125
42 125
41 125
40 125
39 125
38 125
37 125
36 125
35 125
34 125
33 125
32 125
31 125
30 125
29 125
28 125
93 57
93 58
93 59
93 60
93 61
93 62
93 63
93 64
93 65
93 66
93 67
93 68
93 69
93 70
93 71
93 110
93 111
93 112
93 113
93 114
93 115
93 116
93 117
93 118
93 119
93 120
93 121
93 122
93 123
158 57
158 58
158 59
158 60
158 61
158 62
158 63
158 64
158 65
158 66
158 67
158 68
158 69
158 70
158 71
158 109
158 110
158 111
158 112
158 113
158 114
158 115
158 116
158 117
158 118
158 119
158 120
158 121
158 122
158 123
71 57
71 58
71 59
71 60
71 61
71 62
71 63
71 64
71 65
71 66
71 67
71 68
71 69
71 70
71 71
71 109
71 110
71 111
71 112
71 113
71 114
71 115
71 116
71 117
71 118
71 119
71 120
71 121
71 122
71 123
136 57
136 58
136 59
136 60
136 61
136 62
136 63
136 64
136 65
136 66
136 67
136 68
136 69
136 70
136 71
136 109
136 110
136 111
136 112
136 113
136 114
136 115
136 116
136 117
136 118
136 119
136 120
136 121
136 122
136 123
72 72
72 73
72 74
72 75
72 76
72 77
72 78
72 79
72 80
72 81
72 82
72 83
72 84
72 85
72 86
121 89
122 88
123 87
124 86
125 86
126 86
127 86
128 86
129 86
130 86
131 86
132 86
133 86
157 72
156 73
155 74
154 75
154 76
154 77
154 78
154 79
154 80
154 81
154 82
154 83
154 84
154 85
154 86
182 119
183 120
184 121
185 122
186 123
187 124
188 125
189 126
190 127
191 128
192 129
192 130
192 131
92 72
91 73
91 74
91 75
91 76
91 77
91 78
91 79
91 80
91 81
91 82
91 83
91 84
91 85
91 86
112 108
112 109
112 110
112 111
112 112
112 113
112 114
112 115
112 116
112 117
112 118
112 119
112 120
112 121
112 122
48 52
48 53
48 54
48 55
48 56
48 57
48 58
48 59
48 60
48 61
48 62
48 63
48 64
48 65
185 51
186 50
186 49
186 48
186 47
186 46
186 45
186 44
186 43
186 42
186 41
112 56
112 57
112 58
112 59
112 60
112 61
112 62
112 63
112 64
112 65
47 50
46 49
45 48
44 47
43 46
42 45
41 44
40 43
39 42
38 42
37 42
36 42
35 42
34 42
33 42
32 42
31 42
205 116
205 117
205 118
205 119
205 120
205 121
205 122
205 123
205 124
205 125
205 126
55 136
55 137
55 138
55 139
55 140
55 141
60 38
59 38
58 38
57 38
56 38
55 38
54 38
53 38
52 38
155 86
156 86
157 86
158 86
159 86
160 86
173 142
174 141
175 140
176 139
177 139
178 139
179 139
180 139
205 51
171 33
172 32
173 31
174 30
175 30
205 72
205 93
91 143
72 71
72 123
93 54
93 53
93 52
93 51
93 50
93 107
93 106
93 105
93 104
93 103
93 102
137 71
137 123
158 55
158 54
158 53
158 52
158 51
158 50
158 106
158 105
158 104
158 103
158 102
47 129
46 129
45 129
44 129
43 129
42 129
205 114
205 113
205 112
205 111
205 110
205 109
205 108
205 107
205 106
205 105
32 41
33 40
34 40
35 40
36 40
37 40
38 40
39 40
187 40
188 40
189 40
190 40
191 40
192 40
55 142
55 143
53 37
54 36
54 35
54 34
54 33
54 32
54 31
54 30
43 130
44 130
173 141
29 126
30 126
31 126
84
65 34
71 56
71 108
86 34
92 56
92 108
107 34
128 34
136 56
136 108
149 34
157 56
157 108
170 34
181 55
181 76
181 97
181 118
204 52
204 73
204 94
204 115
112 143
172 143
51 86
48 128
112 86
69 143
90 143
133 143
48 51
48 107
112 55
112 107
151 143
28 62
28 83
28 104
28 125
93 71
93 123
158 71
158 123
71 71
71 123
136 71
136 123
72 86
133 86
154 86
192 131
91 86
112 122
48 65
186 41
112 65
31 42
205 126
55 141
52 38
160 86
180 139
205 51
175 30
205 72
205 93
91 143
72 71
72 123
93 50
93 102
137 71
137 123
158 50
158 102
42 129
205 105
39 40
192 40
55 143
54 30
44 130
173 141
31 126
